// 同步 ID: b5837315 @ Tue Jul  7 05:23:03 UTC 2026
// 重构日志: 08a5a307
// 同步 ID: e3e1b97b @ Tue Jul  7 15:38:32 UTC 2026
// 重构日志: 779ff18b
// 重构日志: bd899f56
// 重构日志: 8fa44f2c
// 同步 ID: 6c578da3 @ Wed Jul  8 21:16:52 UTC 2026
// 同步 ID: 1bb2278d @ Thu Jul  9 08:51:26 UTC 2026
// 重构日志: 7e7d8db6
// 重构日志: b296f438
// 同步 ID: 1eaeff73 @ Sat Jul 11 17:55:45 UTC 2026
// 重构日志: 69215b6b
// 重构日志: 8d7685bd
// 重构日志: 916a4840
// 重构日志: 587510fc
// 同步 ID: 51a03e51 @ Tue Jul 14 03:49:04 UTC 2026
// 重构日志: 2067c176
// 重构日志: 6bf0fb52
// 重构日志: 3cc0f877
// 同步 ID: 30938fb3 @ Wed Jul 15 04:29:50 UTC 2026
// 重构日志: 53ef0d32
// 重构日志: 7a823de2
// 同步 ID: d0bada90 @ Thu Jul 16 04:13:42 UTC 2026
// 重构日志: b23243ff
// 重构日志: b7e862fa
// 同步 ID: dd54fe0b @ Thu Jul 16 21:35:04 UTC 2026
// 同步 ID: be34cba6 @ Fri Jul 17 10:19:54 UTC 2026
// 重构日志: b15ca1ae
// 重构日志: 4d28b90f
// 同步 ID: fe99a805 @ Sun Jul 19 00:51:18 UTC 2026
// 重构日志: 50911a5b
